[0m21:00:52.571591 [debug] [MainThread]: Sending event: {'category': 'dbt', 'action': 'invocation', 'label': 'start', 'context': [<snowplow_tracker.self_describing_json.SelfDescribingJson object at 0x0000000006F123C0>, <snowplow_tracker.self_describing_json.SelfDescribingJson object at 0x0000000004BD11D0>, <snowplow_tracker.self_describing_json.SelfDescribingJson object at 0x0000000008C6BD90>]}


============================== 21:00:52.783993 | 7f0454f6-01fd-46b7-8f6f-ae8b4fa08304 ==============================
[0m21:00:52.783993 [info ] [MainThread]: Running with dbt=1.11.11
[0m21:00:52.785184 [debug] [MainThread]: running dbt with arguments {'static_parser': 'True', 'no_print': 'None', 'version_check': 'True', 'target_path': 'None', 'warn_error_options': 'WarnErrorOptionsV2(error=[], warn=[], silence=[])', 'printer_width': '80', 'write_json': 'True', 'empty': 'None', 'log_cache_events': 'False', 'introspect': 'True', 'cache_selected_only': 'False', 'fail_fast': 'False', 'debug': 'False', 'log_format': 'default', 'profiles_dir': 'C:\\Users\\shivam\\.dbt', 'send_anonymous_usage_stats': 'True', 'quiet': 'False', 'warn_error': 'None', 'partial_parse': 'True', 'invocation_command': 'dbt init', 'indirect_selection': 'eager', 'use_colors': 'True', 'use_experimental_parser': 'False', 'log_path': 'logs'}
[0m21:01:17.536115 [debug] [MainThread]: Starter project path: F:\IMPORTANT\FOR LEARNING\e_commerce_real_time_analysisi_dbt\.venv\Lib\site-packages\dbt\include\starter_project
[0m21:01:17.579457 [info ] [MainThread]: 
Your new dbt project "ecommerce_Real_time" was created!

For more information on how to configure the profiles.yml file,
please consult the dbt documentation here:

  https://docs.getdbt.com/docs/configure-your-profile

One more thing:

Need help? Don't hesitate to reach out to us via GitHub issues or on Slack:

  https://community.getdbt.com/

Happy modeling!

[0m21:01:17.580760 [info ] [MainThread]: Setting up your profile.
[0m21:01:36.664320 [debug] [MainThread]: Spark adapter: Setting pyhive.hive logging to ERROR
[0m21:01:36.665470 [debug] [MainThread]: Spark adapter: Setting thrift.transport logging to ERROR
[0m21:01:36.666344 [debug] [MainThread]: Spark adapter: Setting thrift.protocol logging to ERROR
[0m21:07:15.936772 [info ] [MainThread]: Profile ecommerce_Real_time written to C:\Users\shivam\.dbt\profiles.yml using target's profile_template.yml and your supplied values. Run 'dbt debug' to validate the connection.
[0m21:07:15.943340 [debug] [MainThread]: Command `dbt init` succeeded at 21:07:15.942873 after 383.63 seconds
[0m21:07:15.944806 [debug] [MainThread]: Sending event: {'category': 'dbt', 'action': 'invocation', 'label': 'end', 'context': [<snowplow_tracker.self_describing_json.SelfDescribingJson object at 0x000000000D645CD0>, <snowplow_tracker.self_describing_json.SelfDescribingJson object at 0x000000000947A690>, <snowplow_tracker.self_describing_json.SelfDescribingJson object at 0x00000000162A3350>]}
[0m21:07:15.945992 [debug] [MainThread]: Flushing usage events
[0m21:07:17.719387 [debug] [MainThread]: An error was encountered while trying to flush usage events
